[00:02:41] [Server thread/INFO]: [Not Secure] [Server] Aktywuj system Windows
[00:03:08] [Server thread/INFO]: Slay3r_ has made the advancement [Isn't It Iron Pick]
[00:03:42] [Server thread/INFO]: [Not Secure] [Server] Aktywuj system Windows 2016
[00:06:10] [Server thread/INFO]: Slay3r_ has made the advancement [Suit Up]
[00:06:34] [Server thread/INFO]: JDMNK was slain by Iron Golem
[00:06:38] [Server thread/WARN]: JDMNK was kicked for floating too long!
[00:06:38] [Server thread/INFO]: JDMNK lost connection: Flying is not enabled on this server
[00:06:38] [Server thread/INFO]: JDMNK left the game.
[00:06:38] [Server thread/WARN]: handleDisconnection() called twice
[00:06:46] [User Authenticator #6/INFO]: UUID of player JDMNK is f0e3c793-3573-3017-a777-e624b479fecc
[00:06:46] [Server thread/INFO]: JDMNK joined the game
[00:06:46] [Server thread/INFO]: JDMNK[/26.154.131.203:52491] logged in with entity id 15512 at ([world]-2478.785505556135, 64.7531999805212, 1976.3156970972452)
[00:07:03] [Server thread/INFO]: [Not Secure] [Server] if someone leave again i will blow this whlome motherfuckin plane
[00:07:17] [Server thread/INFO]: Teleported JDMNK to Bedrock__
[00:07:17] [Server thread/WARN]: JDMNK moved too quickly! -2486.734591044027,-9.246800019478798,1893.669976709987
[00:07:18] [Async Chat Thread - #8/INFO]: [Not Secure] <Slay3r_> im nout to whole this whole mf plane
[00:08:05] [Server thread/INFO]: Villager EntityVillager['Villager'/14743, l='ServerLevel[world]', x=-2458.30, y=66.00, z=1907.46] died, message: 'Villager was slain by Zombie'
[00:08:16] [Server thread/INFO]: JDMNK has made the advancement [Sweet Dreams]
[00:11:41] [Server thread/WARN]: Bedrock__ moved too quickly! -8.21360793168742,1.0,-7.550805632705533
[00:15:58] [Server thread/INFO]: Teleported JDMNK to Bedrock__
[00:15:58] [Server thread/WARN]: JDMNK moved too quickly! -154.05064013997617,-16.504799122994072,-684.5047033383182
[00:19:11] [Async Chat Thread - #10/INFO]: [Not Secure] <Bedrock__> teleportki
[00:19:25] [Server thread/INFO]: Teleported JDMNK to Bedrock__
[00:19:25] [Server thread/WARN]: JDMNK moved too quickly! 138.70869172702533,51.0,-123.91640238210613
[00:19:34] [Server thread/INFO]: Teleported Slay3r_ to Bedrock__
[00:19:54] [Server thread/INFO]: Slay3r_ fell from a high place
[00:20:12] [Server thread/INFO]: Teleported Slay3r_ to Bedrock__
[00:21:23] [Server thread/INFO]: Teleported Slay3r_ to Bedrock__
[00:24:56] [Async Chat Thread - #12/INFO]: [Not Secure] <Slay3r_> poletortuj
[00:25:03] [Async Chat Thread - #12/INFO]: [Not Secure] <JDMNK> poleruj
[00:25:07] [Async Chat Thread - #12/INFO]: [Not Secure] <JDMNK> mojego fiutka
[00:25:11] [Async Chat Thread - #12/INFO]: [Not Secure] <Bedrock__> balleruj
[00:25:12] [Async Chat Thread - #12/INFO]: [Not Secure] <Bedrock__> lubawinski
[00:25:14] [Server thread/INFO]: Teleported Slay3r_ to Bedrock__
[00:25:22] [Server thread/INFO]: Teleported JDMNK to Bedrock__
[00:25:22] [Server thread/WARN]: JDMNK moved too quickly! 347.8602437077234,-6.0,-143.2551941322356
[00:25:36] [Server thread/INFO]: Bedrock__ has made the advancement [Take Aim]
[00:27:32] [Server thread/INFO]: [Not Secure] [Server] niggers balls
[00:27:52] [Server thread/INFO]: [Not Secure] [Server] pochodze z ohio
[00:27:59] [Async Chat Thread - #14/INFO]: [Not Secure] <Slay3r_> kutas
[00:28:05] [Async Chat Thread - #14/INFO]: [Not Secure] <JDMNK> 2
[00:28:31] [Server thread/INFO]: [Not Secure] [Server] playboi charti georgia atlanta USA
[00:28:36] [Async Chat Thread - #14/INFO]: [Not Secure] <Bedrock__> george floyd negroid
[00:28:49] [Async Chat Thread - #14/INFO]: [Not Secure] <JDMNK> nowa technologia cyborka
[00:28:54] [Async Chat Thread - #14/INFO]: [Not Secure] <JDMNK> projekt microsoftu
[00:29:58] [Server thread/INFO]: [Not Secure] [Server] Slay3r_ you are so skibidi
[00:30:03] [Server thread/INFO]: Unknown command. Type "/help" for help.[m
[00:30:09] [Server thread/INFO]: [Not Secure] [Server] so toilet
[00:33:29] [Server thread/INFO]: Unknown command. Type "/help" for help.[m
[00:33:37] [Server thread/INFO]: [Not Secure] [Server] george floyd negroid napêd technologia cyborga
[00:33:44] [Server thread/INFO]: [Not Secure] [Server] nowy projekt majkrosoftu
[00:35:30] [Server thread/INFO]: Slay3r_ lost connection: Disconnected
[00:35:30] [Server thread/INFO]: Slay3r_ left the game
[00:36:32] [Server thread/INFO]: Bedrock__ lost connection: Disconnected
[00:36:32] [Server thread/INFO]: Bedrock__ left the game
[00:40:20] [Server thread/INFO]: JDMNK lost connection: Disconnected
[00:40:20] [Server thread/INFO]: JDMNK left the game
